CompileCommand: exclude com/intellij/openapi/vfs/impl/FilePartNodeRoot.trieDescend bool exclude = true
2025-04-29 12:31:07,484 [   9376]   WARN - #c.i.s.ComponentManagerImpl - com.intellij.internal.statistic.eventLog.fus.FeatureUsageLogger <clinit> requests com.intellij.internal.statistic.eventLog.StatisticsEventLogProvidersHolder instance. Class initialization must not depend on services. Consider using instance of the service on-demand instead.
2025-04-29 12:31:07,504 [   9396]   WARN - #c.i.s.ComponentManagerImpl - com.intellij.internal.statistic.eventLog.fus.FeatureUsageLogger <clinit> requests com.intellij.internal.statistic.persistence.UsageStatisticsPersistenceComponent instance. Class initialization must not depend on services. Consider using instance of the service on-demand instead.
2025-04-29 12:31:07,506 [   9398]   WARN - #c.i.s.ComponentManagerImpl - com.intellij.internal.statistic.eventLog.fus.FeatureUsageLogger <clinit> requests com.intellij.ide.ConsentOptionsProvider instance. Class initialization must not depend on services. Consider using instance of the service on-demand instead.
2025-04-29 12:31:10,231 [  12123]   WARN - #c.i.s.ComponentManagerImpl - com.intellij.docker.composeFile.ComposeFileServicesIndex <clinit> requests com.intellij.util.gist.GistManager instance. Class initialization must not depend on services. Consider using instance of the service on-demand instead.
2025-04-29 12:31:11,967 [  13859]   WARN - #c.i.w.i.i.l.m.ModuleBridgeLoaderService - Loaded from cache, but no serialized modules found. Workspace model cache will be ignored, project structure will be recreated.
2025-04-29 12:31:14,332 [  16224]   WARN - #c.i.s.ComponentManagerImpl - com.intellij.ui.jcef.JBCefApp$Holder <clinit> requests com.intellij.ui.jcef.JBCefAppCache instance. Class initialization must not depend on services. Consider using instance of the service on-demand instead.

(java:431828): Gtk-WARNING **: 12:31:14.929: gtk_disable_setlocale() must be called before gtk_init()
2025-04-29 12:31:21,698 [  23590]   WARN - #c.i.e.p.OSProcessHandler - Process has been already terminated: setsid /usr/bin/git -c credential.helper= -c core.quotepath=false -c log.showSignature=false log HEAD --branches --remotes --max-count=2000 --pretty=format:%x01%x01%H%x02%x02%P%x02%x02%ct%x02%x02%cn%x02%x02%ce%x02%x02%an%x02%x02%at%x02%x02%ae%x02%x02%s%x02%x02%b%x02%x02%B%x02%x02%d%x03%x03 --encoding=UTF-8 --decorate=full --
2025-04-29 12:31:34,769 [  36661] SEVERE - #c.i.o.a.i.FlushQueue - Container is already disposed
com.intellij.serviceContainer.AlreadyDisposedException: Container is already disposed
	at com.intellij.serviceContainer.ComponentManagerImplKt.throwAlreadyDisposedIfNotUnderIndicatorOrJob(ComponentManagerImpl.kt:1622)
	at com.intellij.serviceContainer.ComponentManagerImplKt.access$throwAlreadyDisposedIfNotUnderIndicatorOrJob(ComponentManagerImpl.kt:1)
	at com.intellij.serviceContainer.ComponentManagerImpl.doGetService(ComponentManagerImpl.kt:724)
	at com.intellij.serviceContainer.ComponentManagerImpl.getService(ComponentManagerImpl.kt:698)
	at com.intellij.ide.util.PropertiesComponent.getInstance(PropertiesComponent.java:88)
	at com.intellij.openapi.wm.impl.ToolWindowImpl.updateToolbarsVisibility(ToolWindowImpl.kt:234)
	at com.intellij.openapi.wm.impl.ToolWindowImpl.access$updateToolbarsVisibility(ToolWindowImpl.kt:72)
	at com.intellij.openapi.wm.impl.ToolWindowImpl$createContentManager$3.processComponent(ToolWindowImpl.kt:210)
	at com.intellij.ui.ComponentTreeWatcher.register(ComponentTreeWatcher.java:59)
	at com.intellij.ui.ComponentTreeWatcher$1.componentAdded(ComponentTreeWatcher.java:25)
	at java.desktop/java.awt.AWTEventMulticaster.componentAdded(AWTEventMulticaster.java:207)
	at java.desktop/java.awt.Container.processContainerEvent(Container.java:2292)
	at java.desktop/java.awt.Container.processEvent(Container.java:2263)
	at java.desktop/java.awt.Component.dispatchEventImpl(Component.java:5027)
	at java.desktop/java.awt.Container.dispatchEventImpl(Container.java:2324)
	at java.desktop/java.awt.Component.dispatchEvent(Component.java:4855)
	at java.desktop/java.awt.Container.lambda$addImpl$0(Container.java:1167)
	at java.desktop/sun.awt.SunToolkit.lambda$performWithTreeLock$1(SunToolkit.java:2145)
	at java.desktop/sun.awt.SunToolkit.performOnMainThreadIfNeeded(SunToolkit.java:2170)
	at java.desktop/sun.awt.SunToolkit.performWithTreeLock(SunToolkit.java:2143)
	at java.desktop/java.awt.Container.addImpl(Container.java:1104)
	at java.desktop/java.awt.Container.add(Container.java:1001)
	at com.intellij.toolWindow.ToolWindowHeader.manageWestPanelTabComponentAndToolbar(ToolWindowHeader.kt:251)
	at com.intellij.toolWindow.ToolWindowHeader.addNotify(ToolWindowHeader.kt:261)
	at java.desktop/java.awt.Container.addNotify(Container.java:2804)
	at java.desktop/javax.swing.JComponent.addNotify(JComponent.java:4840)
	at java.desktop/java.awt.Container.addNotify(Container.java:2804)
	at java.desktop/javax.swing.JComponent.addNotify(JComponent.java:4840)
	at java.desktop/java.awt.Container.addNotify(Container.java:2804)
	at java.desktop/javax.swing.JComponent.addNotify(JComponent.java:4840)
	at com.intellij.toolWindow.InternalDecoratorImpl.addNotify(InternalDecoratorImpl.kt:723)
	at java.desktop/java.awt.Container.addNotify(Container.java:2804)
	at java.desktop/javax.swing.JComponent.addNotify(JComponent.java:4840)
	at com.intellij.openapi.ui.ThreeComponentsSplitter.addNotify(ThreeComponentsSplitter.kt:506)
	at java.desktop/java.awt.Container.addNotify(Container.java:2804)
	at java.desktop/javax.swing.JComponent.addNotify(JComponent.java:4840)
	at com.intellij.openapi.ui.ThreeComponentsSplitter.addNotify(ThreeComponentsSplitter.kt:506)
	at java.desktop/java.awt.Container.addNotify(Container.java:2804)
	at java.desktop/javax.swing.JComponent.addNotify(JComponent.java:4840)
	at java.desktop/java.awt.Container.addNotify(Container.java:2804)
	at java.desktop/javax.swing.JComponent.addNotify(JComponent.java:4840)
	at java.desktop/java.awt.Container.addNotify(Container.java:2804)
	at java.desktop/javax.swing.JComponent.addNotify(JComponent.java:4840)
	at java.desktop/java.awt.Container.addNotify(Container.java:2804)
	at java.desktop/javax.swing.JComponent.addNotify(JComponent.java:4840)
	at java.desktop/java.awt.Container.addNotify(Container.java:2804)
	at java.desktop/javax.swing.JComponent.addNotify(JComponent.java:4840)
	at java.desktop/javax.swing.JRootPane.addNotify(JRootPane.java:726)
	at java.desktop/java.awt.Container.addNotify(Container.java:2804)
	at java.desktop/java.awt.Window.addNotify(Window.java:800)
	at java.desktop/java.awt.Frame.lambda$addNotify$0(Frame.java:495)
	at java.desktop/sun.awt.SunToolkit.lambda$performWithTreeLock$1(SunToolkit.java:2145)
	at java.desktop/sun.awt.SunToolkit.performOnMainThreadIfNeeded(SunToolkit.java:2170)
	at java.desktop/sun.awt.SunToolkit.performWithTreeLock(SunToolkit.java:2143)
	at java.desktop/java.awt.Frame.addNotify(Frame.java:483)
	at java.desktop/java.awt.Window.lambda$pack$1(Window.java:836)
	at java.desktop/sun.awt.SunToolkit.performOnMainThreadIfNeeded(SunToolkit.java:2170)
	at java.desktop/java.awt.Window.pack(Window.java:833)
	at com.intellij.openapi.ui.impl.DialogWrapperPeerImpl$MyDialog.pack(DialogWrapperPeerImpl.java:644)
	at com.intellij.openapi.ui.impl.DialogWrapperPeerImpl$MyDialog.show(DialogWrapperPeerImpl.java:783)
	at com.intellij.openapi.ui.impl.DialogWrapperPeerImpl.show(DialogWrapperPeerImpl.java:474)
	at com.intellij.openapi.ui.DialogWrapper.doShow(DialogWrapper.java:1754)
	at com.intellij.openapi.ui.DialogWrapper.show(DialogWrapper.java:1703)
	at com.intellij.ide.util.TipDialog.lambda$new$0(TipDialog.java:46)
	at java.desktop/java.beans.PropertyChangeSupport.fire(PropertyChangeSupport.java:343)
	at java.desktop/java.beans.PropertyChangeSupport.firePropertyChange(PropertyChangeSupport.java:336)
	at java.desktop/java.beans.PropertyChangeSupport.firePropertyChange(PropertyChangeSupport.java:268)
	at java.desktop/java.awt.Component.firePropertyChange(Component.java:8759)
	at java.desktop/javax.swing.JComponent.putClientProperty(JComponent.java:4174)
	at com.intellij.ui.ClientProperty.put(ClientProperty.java:29)
	at com.intellij.ide.util.TipPanel.doSetTip(TipPanel.java:306)
	at com.intellij.ide.util.TipPanel.lambda$setTip$0(TipPanel.java:275)
	at com.intellij.openapi.application.TransactionGuardImpl.runWithWritingAllowed(TransactionGuardImpl.java:209)
	at com.intellij.openapi.application.TransactionGuardImpl.access$100(TransactionGuardImpl.java:22)
	at com.intellij.openapi.application.TransactionGuardImpl$1.run(TransactionGuardImpl.java:191)
	at com.intellij.openapi.application.impl.RwLockHolder.runIntendedWriteActionOnCurrentThread(RwLockHolder.kt:204)
	at com.intellij.openapi.application.impl.ApplicationImpl.runIntendedWriteActionOnCurrentThread(ApplicationImpl.java:830)
	at com.intellij.openapi.application.impl.ApplicationImpl$2.run(ApplicationImpl.java:419)
	at com.intellij.openapi.application.impl.RwLockHolder.runWithEnabledImplicitRead(RwLockHolder.kt:138)
	at com.intellij.openapi.application.impl.RwLockHolder.runWithImplicitRead(RwLockHolder.kt:129)
	at com.intellij.openapi.application.impl.ApplicationImpl.runWithImplicitRead(ApplicationImpl.java:1152)
	at com.intellij.openapi.application.impl.FlushQueue.doRun(FlushQueue.java:81)
	at com.intellij.openapi.application.impl.FlushQueue.runNextEvent(FlushQueue.java:123)
	at com.intellij.openapi.application.impl.FlushQueue.flushNow(FlushQueue.java:43)
	at java.desktop/java.awt.event.InvocationEvent.dispatch(InvocationEvent.java:318)
	at java.desktop/java.awt.EventQueue.dispatchEventImpl(EventQueue.java:792)
	at java.desktop/java.awt.EventQueue$3.run(EventQueue.java:739)
	at java.desktop/java.awt.EventQueue$3.run(EventQueue.java:733)
	at java.base/java.security.AccessController.doPrivileged(AccessController.java:399)
	at java.base/java.security.ProtectionDomain$JavaSecurityAccessImpl.doIntersectionPrivilege(ProtectionDomain.java:86)
	at java.desktop/java.awt.EventQueue.dispatchEvent(EventQueue.java:761)
	at com.intellij.ide.IdeEventQueue.defaultDispatchEvent(IdeEventQueue.kt:699)
	at com.intellij.ide.IdeEventQueue._dispatchEvent$lambda$12(IdeEventQueue.kt:593)
	at com.intellij.openapi.application.impl.RwLockHolder.runWithoutImplicitRead(RwLockHolder.kt:105)
	at com.intellij.ide.IdeEventQueue._dispatchEvent(IdeEventQueue.kt:593)
	at com.intellij.ide.IdeEventQueue.access$_dispatchEvent(IdeEventQueue.kt:77)
	at com.intellij.ide.IdeEventQueue$dispatchEvent$processEventRunnable$1$1$1.compute(IdeEventQueue.kt:362)
	at com.intellij.ide.IdeEventQueue$dispatchEvent$processEventRunnable$1$1$1.compute(IdeEventQueue.kt:361)
	at com.intellij.openapi.progress.impl.CoreProgressManager.computePrioritized(CoreProgressManager.java:843)
	at com.intellij.ide.IdeEventQueue$dispatchEvent$processEventRunnable$1$1.invoke(IdeEventQueue.kt:361)
	at com.intellij.ide.IdeEventQueue$dispatchEvent$processEventRunnable$1$1.invoke(IdeEventQueue.kt:356)
	at com.intellij.ide.IdeEventQueueKt.performActivity$lambda$1(IdeEventQueue.kt:1022)
	at com.intellij.openapi.application.TransactionGuardImpl.performActivity(TransactionGuardImpl.java:106)
	at com.intellij.ide.IdeEventQueueKt.performActivity(IdeEventQueue.kt:1022)
	at com.intellij.ide.IdeEventQueue.dispatchEvent$lambda$7(IdeEventQueue.kt:356)
	at com.intellij.openapi.application.impl.RwLockHolder.runIntendedWriteActionOnCurrentThread(RwLockHolder.kt:209)
	at com.intellij.openapi.application.impl.ApplicationImpl.runIntendedWriteActionOnCurrentThread(ApplicationImpl.java:830)
	at com.intellij.ide.IdeEventQueue.dispatchEvent(IdeEventQueue.kt:398)
	at java.desktop/java.awt.EventDispatchThread.pumpOneEventForFilters(EventDispatchThread.java:207)
	at java.desktop/java.awt.EventDispatchThread.pumpEventsForFilter(EventDispatchThread.java:128)
	at java.desktop/java.awt.EventDispatchThread.pumpEventsForHierarchy(EventDispatchThread.java:117)
	at java.desktop/java.awt.EventDispatchThread.pumpEvents(EventDispatchThread.java:113)
	at java.desktop/java.awt.EventDispatchThread.pumpEvents(EventDispatchThread.java:105)
	at java.desktop/java.awt.EventDispatchThread.run(EventDispatchThread.java:92)
Caused by: com.intellij.platform.instanceContainer.internal.ContainerDisposedException: Container 'ProjectImpl@585371271 services' was disposed
	at com.intellij.platform.instanceContainer.internal.InstanceContainerImpl.state(InstanceContainerImpl.kt:60)
	at com.intellij.platform.instanceContainer.internal.InstanceContainerImpl.state(InstanceContainerImpl.kt:40)
	at com.intellij.platform.instanceContainer.internal.InstanceContainerImpl.getInstanceHolder(InstanceContainerImpl.kt:268)
	at com.intellij.serviceContainer.ComponentManagerImpl.doGetService(ComponentManagerImpl.kt:720)
	... 111 more
Caused by: com.intellij.platform.instanceContainer.internal.DisposalTrace
	at com.intellij.platform.instanceContainer.internal.InstanceContainerImpl.dispose(InstanceContainerImpl.kt:257)
	at com.intellij.serviceContainer.ComponentManagerImpl.dispose(ComponentManagerImpl.kt:1162)
	at com.intellij.openapi.project.impl.ProjectImpl.dispose(ProjectImpl.kt:321)
	at com.intellij.openapi.util.ObjectTree.runWithTrace(ObjectTree.java:130)
	at com.intellij.openapi.util.ObjectTree.executeAll(ObjectTree.java:162)
	at com.intellij.openapi.util.Disposer.dispose(Disposer.java:205)
	at com.intellij.openapi.util.Disposer.dispose(Disposer.java:193)
	at com.intellij.openapi.project.impl.ProjectManagerImpl.closeProject$lambda$15(ProjectManagerImpl.kt:413)
	at com.intellij.openapi.application.impl.RwLockHolder.runWriteAction(RwLockHolder.kt:344)
	at com.intellij.openapi.application.impl.ApplicationImpl.runWriteAction(ApplicationImpl.java:883)
	at com.intellij.openapi.project.impl.ProjectManagerImpl.closeProject(ProjectManagerImpl.kt:395)
	at com.intellij.openapi.project.impl.ProjectManagerImpl.closeProject$default(ProjectManagerImpl.kt:320)
	at com.intellij.openapi.project.impl.ProjectManagerImpl.closeAndDispose(ProjectManagerImpl.kt:425)
	at com.intellij.openapi.wm.impl.CloseProjectWindowHelper.closeProjectAndShowWelcomeFrameIfNoProjectOpened(CloseProjectWindowHelper.kt:57)
	at com.intellij.openapi.wm.impl.CloseProjectWindowHelper.windowClosing(CloseProjectWindowHelper.kt:44)
	at com.intellij.openapi.wm.impl.ProjectFrameHelper.windowClosing(ProjectFrameHelper.kt:434)
	at com.intellij.openapi.wm.impl.WindowCloseListener.windowClosing(ProjectFrameHelper.kt:454)
	at java.desktop/java.awt.AWTEventMulticaster.windowClosing(AWTEventMulticaster.java:358)
	at java.desktop/java.awt.AWTEventMulticaster.windowClosing(AWTEventMulticaster.java:357)
	at java.desktop/java.awt.AWTEventMulticaster.windowClosing(AWTEventMulticaster.java:357)
	at java.desktop/java.awt.Window.processWindowEvent(Window.java:2114)
	at java.desktop/javax.swing.JFrame.processWindowEvent(JFrame.java:298)
	at java.desktop/java.awt.Window.processEvent(Window.java:2073)
	at java.desktop/java.awt.Component.dispatchEventImpl(Component.java:5027)
	at java.desktop/java.awt.Container.dispatchEventImpl(Container.java:2324)
	at java.desktop/java.awt.Window.dispatchEventImpl(Window.java:2809)
	at java.desktop/java.awt.Component.dispatchEvent(Component.java:4855)
	at com.intellij.openapi.wm.impl.customFrameDecorations.header.CustomHeader.close(CustomHeader.kt:261)
	at com.intellij.openapi.wm.impl.customFrameDecorations.header.CustomHeader$Companion$createCloseAction$1.invoke(CustomHeader.kt:65)
	at com.intellij.openapi.wm.impl.customFrameDecorations.header.CustomHeader$Companion$createCloseAction$1.invoke(CustomHeader.kt:65)
	at com.intellij.openapi.wm.impl.customFrameDecorations.header.CustomHeader$CustomFrameAction.actionPerformed(CustomHeader.kt:265)
	at java.desktop/javax.swing.AbstractButton.fireActionPerformed(AbstractButton.java:1972)
	at java.desktop/javax.swing.AbstractButton$Handler.actionPerformed(AbstractButton.java:2313)
	at java.desktop/javax.swing.DefaultButtonModel.fireActionPerformed(DefaultButtonModel.java:405)
	at java.desktop/javax.swing.DefaultButtonModel.setPressed(DefaultButtonModel.java:262)
	at java.desktop/javax.swing.plaf.basic.BasicButtonListener.mouseReleased(BasicButtonListener.java:279)
	at java.desktop/java.awt.AWTEventMulticaster.mouseReleased(AWTEventMulticaster.java:297)
	at java.desktop/java.awt.Component.processMouseEvent(Component.java:6657)
	at java.desktop/javax.swing.JComponent.processMouseEvent(JComponent.java:3385)
	at java.desktop/java.awt.Component.processEvent(Component.java:6422)
	at java.desktop/java.awt.Container.processEvent(Container.java:2266)
	at java.desktop/java.awt.Component.dispatchEventImpl(Component.java:5027)
	at java.desktop/java.awt.Container.dispatchEventImpl(Container.java:2324)
	at java.desktop/java.awt.Component.dispatchEvent(Component.java:4855)
	at java.desktop/java.awt.LightweightDispatcher.retargetMouseEvent(Container.java:4969)
	at java.desktop/java.awt.LightweightDispatcher.processMouseEvent(Container.java:4583)
	at java.desktop/java.awt.LightweightDispatcher.dispatchEvent(Container.java:4524)
	at java.desktop/java.awt.Container.dispatchEventImpl(Container.java:2310)
	at java.desktop/java.awt.Window.dispatchEventImpl(Window.java:2809)
	at java.desktop/java.awt.Component.dispatchEvent(Component.java:4855)
	at java.desktop/java.awt.EventQueue.dispatchEventImpl(EventQueue.java:794)
	at java.desktop/java.awt.EventQueue$3.run(EventQueue.java:739)
	at java.desktop/java.awt.EventQueue$3.run(EventQueue.java:733)
	at java.base/java.security.AccessController.doPrivileged(AccessController.java:399)
	at java.base/java.security.ProtectionDomain$JavaSecurityAccessImpl.doIntersectionPrivilege(ProtectionDomain.java:86)
	at java.base/java.security.ProtectionDomain$JavaSecurityAccessImpl.doIntersectionPrivilege(ProtectionDomain.java:97)
	at java.desktop/java.awt.EventQueue$4.run(EventQueue.java:766)
	at java.desktop/java.awt.EventQueue$4.run(EventQueue.java:764)
	at java.base/java.security.AccessController.doPrivileged(AccessController.java:399)
	at java.base/java.security.ProtectionDomain$JavaSecurityAccessImpl.doIntersectionPrivilege(ProtectionDomain.java:86)
	at java.desktop/java.awt.EventQueue.dispatchEvent(EventQueue.java:763)
	at com.intellij.ide.IdeEventQueue.defaultDispatchEvent(IdeEventQueue.kt:699)
	at com.intellij.ide.IdeEventQueue.dispatchMouseEvent(IdeEventQueue.kt:638)
	at com.intellij.ide.IdeEventQueue._dispatchEvent$lambda$10(IdeEventQueue.kt:584)
	at com.intellij.openapi.application.impl.RwLockHolder.runWithEnabledImplicitRead(RwLockHolder.kt:138)
	at com.intellij.openapi.application.impl.RwLockHolder.runWithImplicitRead(RwLockHolder.kt:129)
	at com.intellij.ide.IdeEventQueue._dispatchEvent(IdeEventQueue.kt:584)
	at com.intellij.ide.IdeEventQueue.access$_dispatchEvent(IdeEventQueue.kt:77)
	at com.intellij.ide.IdeEventQueue$dispatchEvent$processEventRunnable$1$1$1.compute(IdeEventQueue.kt:362)
	at com.intellij.ide.IdeEventQueue$dispatchEvent$processEventRunnable$1$1$1.compute(IdeEventQueue.kt:361)
	at com.intellij.openapi.progress.impl.CoreProgressManager.computePrioritized(CoreProgressManager.java:843)
	at com.intellij.ide.IdeEventQueue$dispatchEvent$processEventRunnable$1$1.invoke(IdeEventQueue.kt:361)
	at com.intellij.ide.IdeEventQueue$dispatchEvent$processEventRunnable$1$1.invoke(IdeEventQueue.kt:356)
	at com.intellij.ide.IdeEventQueueKt.performActivity$lambda$1(IdeEventQueue.kt:1022)
	at com.intellij.openapi.application.TransactionGuardImpl.performActivity(TransactionGuardImpl.java:114)
	... 11 more
2025-04-29 12:31:34,783 [  36675] SEVERE - #c.i.o.a.i.FlushQueue - GoLand 2024.1.4  Build #GO-241.18034.61
2025-04-29 12:31:34,783 [  36675] SEVERE - #c.i.o.a.i.FlushQueue - JDK: 17.0.11; VM: OpenJDK 64-Bit Server VM; Vendor: JetBrains s.r.o.
2025-04-29 12:31:34,783 [  36675] SEVERE - #c.i.o.a.i.FlushQueue - OS: Linux
2025-04-29 12:31:34,784 [  36676] SEVERE - #c.i.o.a.i.FlushQueue - Last Action: OpenFile
2025-04-29 12:31:34,816 [  36708]   WARN - #c.i.o.u.DialogWrapper - The dialog wrapper for Tip of the Day is already disposed
2025-04-29 12:31:44,058 [  45950]   WARN - #c.i.s.ComponentManagerImpl - com.goide.GoTypes <clinit> requests com.intellij.go.frontback.api.GoElementTypeFactorySupplier instance. Class initialization must not depend on services. Consider using instance of the service on-demand instead.
2025-04-29 12:31:58,979 [  60871]   WARN - #c.i.u.x.Binding - No accessors for com.intellij.toolWindow.ToolWindowLayoutStorageManagerState. This means that state class cannot be serialized properly. Please see https://jb.gg/ij-psoc
2025-04-29 12:31:58,980 [  60872]   WARN - #c.i.u.x.Binding - No accessors for com.intellij.ide.util.TipsUsageManager$State. This means that state class cannot be serialized properly. Please see https://jb.gg/ij-psoc
Opening in existing browser session.
2025-04-29 13:31:44,883 [3646775]   WARN - #c.i.u.x.Binding - No accessors for com.intellij.platform.feedback.impl.state.DontShowAgainFeedbackState. This means that state class cannot be serialized properly. Please see https://jb.gg/ij-psoc
2025-04-29 13:31:44,904 [3646796]   WARN - #c.i.u.x.Binding - No accessors for com.intellij.platform.feedback.impl.state.CommonFeedbackSurveysState. This means that state class cannot be serialized properly. Please see https://jb.gg/ij-psoc
2025-04-30 12:31:07,521 [86409413]   WARN - #c.i.u.x.Binding - No accessors for org.jetbrains.plugins.github.pullrequest.data.service.GHPRPersistentInteractionState$State. This means that state class cannot be serialized properly. Please see https://jb.gg/ij-psoc
2025-05-05 09:25:12,331 [507254223] SEVERE - com.jediterm.terminal.model.TerminalTextBuffer - Attempt to get line out of bounds: 13 >= 13
2025-05-05 09:25:12,341 [507254233] SEVERE - com.jediterm.terminal.model.TerminalTextBuffer - Attempt to get line out of bounds: 13 >= 13
2025-05-05 09:25:27,158 [507269050] SEVERE - com.jediterm.terminal.model.TerminalTextBuffer - Attempt to get line out of bounds: 13 >= 13
2025-05-05 09:25:27,159 [507269051] SEVERE - com.jediterm.terminal.model.TerminalTextBuffer - Attempt to get line out of bounds: 13 >= 13
2025-05-05 09:26:26,988 [507328880] SEVERE - com.jediterm.terminal.model.TerminalTextBuffer - Attempt to get line out of bounds: 13 >= 13
2025-05-05 09:26:26,989 [507328881] SEVERE - com.jediterm.terminal.model.TerminalTextBuffer - Attempt to get line out of bounds: 13 >= 13
2025-05-05 11:39:23,999 [515305891] SEVERE - com.jediterm.terminal.model.TerminalTextBuffer - Attempt to get line out of bounds: 13 >= 13
2025-05-05 11:39:24,000 [515305892] SEVERE - com.jediterm.terminal.model.TerminalTextBuffer - Attempt to get line out of bounds: 13 >= 13
2025-05-05 16:45:20,021 [533661913]   WARN - #c.i.s.ComponentManagerImpl - com.intellij.usages.UsageNodePresentation <clinit> requests com.intellij.usageView.UsageTreeColorsScheme instance. Class initialization must not depend on services. Consider using instance of the service on-demand instead.
2025-05-05 17:02:06,740 [534668632] SEVERE - com.jediterm.terminal.model.TerminalTextBuffer - Attempt to get line out of bounds: 13 >= 13
2025-05-06 08:57:44,611 [592006503]   WARN - com.jediterm.terminal.emulator.JediEmulator - Unhandled Control Sequence (parsed: ESC[>4;2m, raw: ESC[>4;2m)
2025-05-06 08:57:44,613 [592006505]   WARN - com.jediterm.terminal.emulator.JediEmulator - Unknown character attribute:29
2025-05-06 08:57:44,615 [592006507]   WARN - com.jediterm.terminal.emulator.JediEmulator - Error processing DCS: ESCPESC]zzESC\
2025-05-06 08:57:44,619 [592006511]   WARN - com.jediterm.terminal.emulator.JediEmulator - Unknown character attribute:29
2025-05-06 08:57:44,721 [592006613]   WARN - com.jediterm.terminal.emulator.JediEmulator - Unknown character attribute:29
2025-05-06 08:59:41,245 [592123137]   WARN - com.jediterm.terminal.emulator.JediEmulator - Unhandled Control Sequence (parsed: ESC[>4;0m, raw: ESC[>4;m)
2025-05-06 08:59:41,255 [592123147]   WARN - com.jediterm.terminal.emulator.JediEmulator - Unhandled Control Sequence (parsed: ESC[>4;0m, raw: ESC[>4;m)
2025-05-06 08:59:59,096 [592140988]   WARN - com.jediterm.terminal.TerminalMode - Mode InsertMode is not implemented, setting to false
2025-05-06 08:59:59,206 [592141098]   WARN - com.jediterm.terminal.TerminalMode - Mode InsertMode is not implemented, setting to false
2025-05-06 09:05:11,815 [592453707]   WARN - com.jediterm.terminal.TerminalMode - Mode InsertMode is not implemented, setting to false
2025-05-06 09:05:11,928 [592453820]   WARN - com.jediterm.terminal.TerminalMode - Mode InsertMode is not implemented, setting to false
